<?xml version="1.0" encoding="UTF-8"?>
<!-- Generated by org.testng.reporters.JUnitReportReporter -->
<testsuite hostname="DESKTOP-2N1TBCD" failures="0" tests="2" name="TestRunner" time="34.808" errors="0" timestamp="2022-12-20T16:06:07 CET" skipped="0">
  <testcase classname="TestRunner" name="runScenario" time="16.908"/>
  <system-out/>
  <testcase classname="TestRunner" name="runScenario" time="17.900"/>
  <system-out/>
</testsuite> <!-- TestRunner -->
